<?xml version="1.0" encoding="UTF-8"?>
<!-- Generated by org.testng.reporters.JUnitReportReporter -->
<testsuite hostname="DESKTOP-3NRNP42" failures="0" tests="9" name="com.TestLayer.PIMPageTest" time="20.102" errors="0" timestamp="2 Jun 2022 14:08:56 GMT">
  <testcase classname="com.TestLayer.PIMPageTest" name="validateHomePageTitle" time="0.019"/>
  <testcase classname="com.TestLayer.PIMPageTest" name="validateHomePagelogo" time="0.073"/>
  <testcase classname="com.TestLayer.PIMPageTest" name="validateMorePersonalInformation" time="3.233"/>
  <testcase classname="com.TestLayer.PIMPageTest" name="validateHomePageUrl" time="0.008"/>
  <testcase classname="com.TestLayer.PIMPageTest" name="validateUserandDelete" time="3.406"/>
  <testcase classname="com.TestLayer.PIMPageTest" name="validateHomePagePIMPage" time="1.805"/>
  <testcase classname="com.TestLayer.PIMPageTest" name="validateCreateNewUserFunctionality" time="3.201"/>
  <testcase classname="com.TestLayer.PIMPageTest" name="loginFunctionality" time="4.793"/>
  <testcase classname="com.TestLayer.PIMPageTest" name="validateJobDetailFunctionality" time="3.564"/>
</testsuite> <!-- com.TestLayer.PIMPageTest -->
