<?xml version="1.0" encoding="UTF-8"?>
<!-- Generated by org.testng.reporters.JUnitReportReporter -->
<testsuite hostname="DESKTOP-4G6V73A" failures="0" tests="1" name="com.TestLayer.LoginPageTest" time="2.723" errors="0" timestamp="17 Jan 2023 14:42:05 GMT">
  <testcase classname="com.TestLayer.LoginPageTest" name="validateLoginFunctionality" time="2.723"/>
</testsuite> <!-- com.TestLayer.LoginPageTest -->
